Glide version 81012 (mmshare version 44012)
Copyright (c) Schrodinger, LLC.
All Rights Reserved.

--------------------------------------------------------------------------------
JobId          : Nik-0-5e870677
Name           : glide-grid_22
Program        : Glide
MMshareExec    : D:\Program Files\Schrodinger2018\mmshare-v4.4\bin\Windows-x64
Host           : Nik
Dir            : C:\Users\Asus\Documents\Schrodinger\glide-grid_22
HostEntry      : localhost
JobHost        : Nik
JobDir         : C:\Users\Asus\AppData\Local\Schrodinger\tmp\glide-grid_22
JobMMshareExec : D:\Program Files\Schrodinger2018\mmshare-v4.4\bin\Windows-x64
Commandline    : D:\Program Files\Schrodinger2018\glide glide-grid_22.in -OVERWRITE -HOST localhost -PROJ C:\Users\Asus\AppData\Local\Schrodinger\tmp\tproj28192a7512 -DISP ignore -VIEWNAME glide_gridgen_gui.GridGenPanel -TMPLAUNCHDIR -ATTACHED
StartTime      : 2020-04-03-14:18:40
--------------------------------------------------------------------------------

[running at reduced cpu priority]
Calling OPLS3e atomtyping ...
Finished parameter assignment
 VdW radii of protein atoms scaled by    1.00000000000000     
 Charge cutoff for polarity  0.250000000000000     
Because of conflicts with input positions, number of movable atoms reduced from 24 to 19
  Receptor setup: (nsites, nx, ny, nz, bsize)=(         125 ,           29 , 
          29 ,           29 ,    1.00000000000000      ).
 Screening setup finished.
 DOCKMAIN: getting receptor.
  DOCKMAIN after grid: (nx, ny, nz) = (          80 ,           80 , 
          80 ).
Creating output grid archive 'glide-grid_22.zip'

Exiting Glide
Date: Friday, April 03 2020, at 14:19:40 Iran Daylight Time
CPU time (s): 53.2 user, 5.1 system, 58.8 real
Total elapsed time = 59 seconds
[running at reduced cpu priority]
