######## begin of glide-dock_XP_6-0001.log #########
Glide version 81012 (mmshare version 44012)
Copyright (c) Schrodinger, LLC.
All Rights Reserved.

--------------------------------------------------------------------------------
JobId          : Nik-0-5e88fa16
Name           : glide-dock_XP_6-0001
Program        : Glide
MMshareExec    : D:\Program Files\Schrodinger2018\mmshare-v4.4\bin\Windows-x64
Host           : Nik
Dir            : C:\Users\Asus\AppData\Local\Schrodinger\tmp\glide-dock_XP_6
HostEntry      : localhost
JobHost        : Nik
JobDir         : C:\Users\Asus\AppData\Local\Schrodinger\tmp\glide-dock_XP_6-0001
JobMMshareExec : D:\Program Files\Schrodinger2018\mmshare-v4.4\bin\Windows-x64
Commandline    : D:\Program Files\Schrodinger2018\glide.exe -RESTART -serial glide-dock_XP_6-0001.inp -HOST localhost
StartTime      : 2020-04-05-01:50:23
--------------------------------------------------------------------------------

[running at reduced cpu priority]
 VdW radii of ligand atoms scaled by   0.800000000000000     
 Charge cutoff for polarity   0.150000000000000     
Marking conflicts for iatom2, position 2.
 After readscreen, (nx, ny, nz) = (          24 ,           24 ,           24 ).
  Receptor setup: (nsites, nx, ny, nz, bsize)=(         125 ,           24 , 
          24 ,           24 ,    1.00000000000000      ).
 Screening setup finished.
 DOCKMAIN: getting receptor.
  DOCKMAIN after grid: (nx, ny, nz) = (          64 ,           64 , 
          64 ).
 DOCKMAIN: Grid setup finished
Calling OPLS3e atomtyping ...
Finished parameter assignment
  
  Penalizing non-planar amide torsions 
  
 Number of rotatable bonds           23
 Using templates for ring conformations.
Glide Extra Precision Mode active.

GlideScore version XP5.0 will be used

  
 Buried polar penalty      0.000
 Coulomb vdW cutoff        0.000
 H bond cutoff             0.000
 Metal-ligand cutoff      10.000
Assigning GlideScore XP5.0 parameters
For Glide Extra Precision mode, will use maxref = 800
 Use grow mode-t
  
Full force-field refinement in receptor field for up to   10 poses
    4 poses will be postminimized for this ligand
Reporting postminimized pose   2 GlideScore =     -4.335
GlideScore(   -4.33)+Epik State Penalty(    0.01) =    -4.33 kcal/mol
DOCKING RESULTS FOR LIGAND        1 (Atazanavir_AIDS_148192)
Best XP pose:     3;  GlideScore =     -4.33 Emodel =    -44.14 E =    -47.57 Eint =    17.20
  
 REPORT OF DOCKED POSES
  
 The ligand structures were written to the file
glide-dock_XP_6-0001_raw.maegz

Exiting Glide
Date: Sunday, April 05 2020, at 02:05:31 Iran Daylight Time
CPU time (s): 768.5 user, 12.2 system, 905.9 real
Total elapsed time = 906 seconds (15 minutes, 6 seconds)
[running at reduced cpu priority]
######## end of glide-dock_XP_6-0001.log #########
######## begin of glide-dock_XP_6-0002.log #########
Glide version 81012 (mmshare version 44012)
Copyright (c) Schrodinger, LLC.
All Rights Reserved.

--------------------------------------------------------------------------------
JobId          : Nik-0-5e88fa19
Name           : glide-dock_XP_6-0002
Program        : Glide
MMshareExec    : D:\Program Files\Schrodinger2018\mmshare-v4.4\bin\Windows-x64
Host           : Nik
Dir            : C:\Users\Asus\AppData\Local\Schrodinger\tmp\glide-dock_XP_6
HostEntry      : localhost
JobHost        : Nik
JobDir         : C:\Users\Asus\AppData\Local\Schrodinger\tmp\glide-dock_XP_6-0002
JobMMshareExec : D:\Program Files\Schrodinger2018\mmshare-v4.4\bin\Windows-x64
Commandline    : D:\Program Files\Schrodinger2018\glide.exe -RESTART -serial glide-dock_XP_6-0002.inp -HOST localhost
StartTime      : 2020-04-05-01:50:26
--------------------------------------------------------------------------------

[running at reduced cpu priority]
Offsetting ligand numbers by 1
 VdW radii of ligand atoms scaled by   0.800000000000000     
 Charge cutoff for polarity   0.150000000000000     
Marking conflicts for iatom2, position 2.
 After readscreen, (nx, ny, nz) = (          24 ,           24 ,           24 ).
  Receptor setup: (nsites, nx, ny, nz, bsize)=(         125 ,           24 , 
          24 ,           24 ,    1.00000000000000      ).
 Screening setup finished.
 DOCKMAIN: getting receptor.
  DOCKMAIN after grid: (nx, ny, nz) = (          64 ,           64 , 
          64 ).
 DOCKMAIN: Grid setup finished
Calling OPLS3e atomtyping ...
Finished parameter assignment
  
  Penalizing non-planar amide torsions 
  
 Number of rotatable bonds           28
 Using templates for ring conformations.
Glide Extra Precision Mode active.

GlideScore version XP5.0 will be used

  
 Buried polar penalty      0.000
 Coulomb vdW cutoff        0.000
 H bond cutoff             0.000
 Metal-ligand cutoff      10.000
Assigning GlideScore XP5.0 parameters
For Glide Extra Precision mode, will use maxref = 800
 Use grow mode-t
  
Full force-field refinement in receptor field for up to   10 poses
    1 poses will be postminimized for this ligand
NO POSES STORED FOR LIGAND        2 (Brilacidin_newAntibiotic_25023695)
GLIDE WARNING: No Ligand Poses were written to external file glide-dock_XP_6-0002_raw.maegz).  Cannot write sorted structure file(_pv.maegz or _lib.maegz), or report file (.rept).

Exiting Glide
Date: Sunday, April 05 2020, at 01:52:38 Iran Daylight Time
CPU time (s): 109.6 user, 6.7 system, 130.1 real
Total elapsed time = 130 seconds (2 minutes, 10 seconds)
[running at reduced cpu priority]
######## end of glide-dock_XP_6-0002.log #########
######## begin of glide-dock_XP_6-0003.log #########
Glide version 81012 (mmshare version 44012)
Copyright (c) Schrodinger, LLC.
All Rights Reserved.

--------------------------------------------------------------------------------
JobId          : Nik-0-5e88fa1b
Name           : glide-dock_XP_6-0003
Program        : Glide
MMshareExec    : D:\Program Files\Schrodinger2018\mmshare-v4.4\bin\Windows-x64
Host           : Nik
Dir            : C:\Users\Asus\AppData\Local\Schrodinger\tmp\glide-dock_XP_6
HostEntry      : localhost
JobHost        : Nik
JobDir         : C:\Users\Asus\AppData\Local\Schrodinger\tmp\glide-dock_XP_6-0003
JobMMshareExec : D:\Program Files\Schrodinger2018\mmshare-v4.4\bin\Windows-x64
Commandline    : D:\Program Files\Schrodinger2018\glide.exe -RESTART -serial glide-dock_XP_6-0003.inp -HOST localhost
StartTime      : 2020-04-05-01:50:28
--------------------------------------------------------------------------------

[running at reduced cpu priority]
Offsetting ligand numbers by 2
 VdW radii of ligand atoms scaled by   0.800000000000000     
 Charge cutoff for polarity   0.150000000000000     
Marking conflicts for iatom2, position 2.
 After readscreen, (nx, ny, nz) = (          24 ,           24 ,           24 ).
  Receptor setup: (nsites, nx, ny, nz, bsize)=(         125 ,           24 , 
          24 ,           24 ,    1.00000000000000      ).
 Screening setup finished.
 DOCKMAIN: getting receptor.
  DOCKMAIN after grid: (nx, ny, nz) = (          64 ,           64 , 
          64 ).
 DOCKMAIN: Grid setup finished
Calling OPLS3e atomtyping ...
Finished parameter assignment
  
  Penalizing non-planar amide torsions 
  
 Number of rotatable bonds            8
 Using templates for ring conformations.
Glide Extra Precision Mode active.

GlideScore version XP5.0 will be used

  
 Buried polar penalty      0.000
 Coulomb vdW cutoff        0.000
 H bond cutoff             0.000
 Metal-ligand cutoff      10.000
Assigning GlideScore XP5.0 parameters
For Glide Extra Precision mode, will use maxref = 800
 Use grow mode-t
  
Full force-field refinement in receptor field for up to   10 poses
   10 poses will be postminimized for this ligand
Reporting postminimized pose   2 GlideScore =     -1.714
GlideScore(   -1.71)+Epik State Penalty(    0.04) =    -1.68 kcal/mol
DOCKING RESULTS FOR LIGAND        3 (Chloroquine_Malaria_2719)
Best XP pose:     6;  GlideScore =     -1.71 Emodel =    -46.73 E =    -39.58 Eint =     3.55
  
 REPORT OF DOCKED POSES
  
 The ligand structures were written to the file
glide-dock_XP_6-0003_raw.maegz

Exiting Glide
Date: Sunday, April 05 2020, at 01:58:49 Iran Daylight Time
CPU time (s): 422.7 user, 4.1 system, 498.5 real
Total elapsed time = 498 seconds (8 minutes, 18 seconds)
[running at reduced cpu priority]
######## end of glide-dock_XP_6-0003.log #########
######## begin of glide-dock_XP_6-0004.log #########
Glide version 81012 (mmshare version 44012)
Copyright (c) Schrodinger, LLC.
All Rights Reserved.

--------------------------------------------------------------------------------
JobId          : Nik-0-5e88fa1e
Name           : glide-dock_XP_6-0004
Program        : Glide
MMshareExec    : D:\Program Files\Schrodinger2018\mmshare-v4.4\bin\Windows-x64
Host           : Nik
Dir            : C:\Users\Asus\AppData\Local\Schrodinger\tmp\glide-dock_XP_6
HostEntry      : localhost
JobHost        : Nik
JobDir         : C:\Users\Asus\AppData\Local\Schrodinger\tmp\glide-dock_XP_6-0004
JobMMshareExec : D:\Program Files\Schrodinger2018\mmshare-v4.4\bin\Windows-x64
Commandline    : D:\Program Files\Schrodinger2018\glide.exe -RESTART -serial glide-dock_XP_6-0004.inp -HOST localhost
StartTime      : 2020-04-05-01:50:31
--------------------------------------------------------------------------------

[running at reduced cpu priority]
Offsetting ligand numbers by 3
 VdW radii of ligand atoms scaled by   0.800000000000000     
 Charge cutoff for polarity   0.150000000000000     
Marking conflicts for iatom2, position 2.
 After readscreen, (nx, ny, nz) = (          24 ,           24 ,           24 ).
  Receptor setup: (nsites, nx, ny, nz, bsize)=(         125 ,           24 , 
          24 ,           24 ,    1.00000000000000      ).
 Screening setup finished.
 DOCKMAIN: getting receptor.
  DOCKMAIN after grid: (nx, ny, nz) = (          64 ,           64 , 
          64 ).
 DOCKMAIN: Grid setup finished
Calling OPLS3e atomtyping ...
Finished parameter assignment
  
  Penalizing non-planar amide torsions 
  
 Number of rotatable bonds           14
 Using templates for ring conformations.
Glide Extra Precision Mode active.

GlideScore version XP5.0 will be used

  
 Buried polar penalty      0.000
 Coulomb vdW cutoff        0.000
 H bond cutoff             0.000
 Metal-ligand cutoff      10.000
Assigning GlideScore XP5.0 parameters
For Glide Extra Precision mode, will use maxref = 800
 Use grow mode-t
  
Full force-field refinement in receptor field for up to   10 poses
   10 poses will be postminimized for this ligand
Reporting postminimized pose   3 GlideScore =     -3.683
GlideScore(   -3.68)+Epik State Penalty(    0.00) =    -3.68 kcal/mol
DOCKING RESULTS FOR LIGAND        4 (Darunavir_AIDS_DB01264)
Best XP pose:     2;  GlideScore =     -3.68 Emodel =    -51.70 E =    -45.62 Eint =    15.65
  
 REPORT OF DOCKED POSES
  
 The ligand structures were written to the file
glide-dock_XP_6-0004_raw.maegz

Exiting Glide
Date: Sunday, April 05 2020, at 02:05:42 Iran Daylight Time
CPU time (s): 772.7 user, 8.8 system, 907.9 real
Total elapsed time = 908 seconds (15 minutes, 8 seconds)
[running at reduced cpu priority]
######## end of glide-dock_XP_6-0004.log #########
######## begin of glide-dock_XP_6-0005.log #########
Glide version 81012 (mmshare version 44012)
Copyright (c) Schrodinger, LLC.
All Rights Reserved.

--------------------------------------------------------------------------------
JobId          : Nik-0-5e88fa21
Name           : glide-dock_XP_6-0005
Program        : Glide
MMshareExec    : D:\Program Files\Schrodinger2018\mmshare-v4.4\bin\Windows-x64
Host           : Nik
Dir            : C:\Users\Asus\AppData\Local\Schrodinger\tmp\glide-dock_XP_6
HostEntry      : localhost
JobHost        : Nik
JobDir         : C:\Users\Asus\AppData\Local\Schrodinger\tmp\glide-dock_XP_6-0005
JobMMshareExec : D:\Program Files\Schrodinger2018\mmshare-v4.4\bin\Windows-x64
Commandline    : D:\Program Files\Schrodinger2018\glide.exe -RESTART -serial glide-dock_XP_6-0005.inp -HOST localhost
StartTime      : 2020-04-05-01:50:35
--------------------------------------------------------------------------------

[running at reduced cpu priority]
Offsetting ligand numbers by 4
 VdW radii of ligand atoms scaled by   0.800000000000000     
 Charge cutoff for polarity   0.150000000000000     
Marking conflicts for iatom2, position 2.
 After readscreen, (nx, ny, nz) = (          24 ,           24 ,           24 ).
  Receptor setup: (nsites, nx, ny, nz, bsize)=(         125 ,           24 , 
          24 ,           24 ,    1.00000000000000      ).
 Screening setup finished.
 DOCKMAIN: getting receptor.
  DOCKMAIN after grid: (nx, ny, nz) = (          64 ,           64 , 
          64 ).
 DOCKMAIN: Grid setup finished
Calling OPLS3e atomtyping ...
Finished parameter assignment
  
  Penalizing non-planar amide torsions 
  
 Number of rotatable bonds            1
 Using templates for ring conformations.
Glide Extra Precision Mode active.

GlideScore version XP5.0 will be used

  
 Buried polar penalty      0.000
 Coulomb vdW cutoff        0.000
 H bond cutoff             0.000
 Metal-ligand cutoff      10.000
Assigning GlideScore XP5.0 parameters
For Glide Extra Precision mode, will use maxref = 800
 Use grow mode-t
  
Full force-field refinement in receptor field for up to   10 poses
    4 poses will be postminimized for this ligand
Reporting original pose   3 GlideScore =     -3.007
GlideScore(   -3.01)+Epik State Penalty(    0.01) =    -3.00 kcal/mol
DOCKING RESULTS FOR LIGAND        5 (Favipiravir_Inflenza_492405)
Best XP pose:     8;  GlideScore =     -3.01 Emodel =    -26.05 E =    -20.91 Eint =     0.77
  
 REPORT OF DOCKED POSES
  
 The ligand structures were written to the file
glide-dock_XP_6-0005_raw.maegz

Exiting Glide
Date: Sunday, April 05 2020, at 01:51:12 Iran Daylight Time
CPU time (s): 31.8 user, 1.0 system, 34.8 real
Total elapsed time = 35 seconds
[running at reduced cpu priority]
######## end of glide-dock_XP_6-0005.log #########
######## begin of glide-dock_XP_6-0006.log #########
Glide version 81012 (mmshare version 44012)
Copyright (c) Schrodinger, LLC.
All Rights Reserved.

--------------------------------------------------------------------------------
JobId          : Nik-0-5e88fa25
Name           : glide-dock_XP_6-0006
Program        : Glide
MMshareExec    : D:\Program Files\Schrodinger2018\mmshare-v4.4\bin\Windows-x64
Host           : Nik
Dir            : C:\Users\Asus\AppData\Local\Schrodinger\tmp\glide-dock_XP_6
HostEntry      : localhost
JobHost        : Nik
JobDir         : C:\Users\Asus\AppData\Local\Schrodinger\tmp\glide-dock_XP_6-0006
JobMMshareExec : D:\Program Files\Schrodinger2018\mmshare-v4.4\bin\Windows-x64
Commandline    : D:\Program Files\Schrodinger2018\glide.exe -RESTART -serial glide-dock_XP_6-0006.inp -HOST localhost
StartTime      : 2020-04-05-01:50:38
--------------------------------------------------------------------------------

[running at reduced cpu priority]
Offsetting ligand numbers by 5
 VdW radii of ligand atoms scaled by   0.800000000000000     
 Charge cutoff for polarity   0.150000000000000     
Marking conflicts for iatom2, position 2.
 After readscreen, (nx, ny, nz) = (          24 ,           24 ,           24 ).
  Receptor setup: (nsites, nx, ny, nz, bsize)=(         125 ,           24 , 
          24 ,           24 ,    1.00000000000000      ).
 Screening setup finished.
 DOCKMAIN: getting receptor.
  DOCKMAIN after grid: (nx, ny, nz) = (          64 ,           64 , 
          64 ).
 DOCKMAIN: Grid setup finished
Calling OPLS3e atomtyping ...
Finished parameter assignment
  
  Penalizing non-planar amide torsions 
  
 Number of rotatable bonds            5
 Using templates for ring conformations.
Glide Extra Precision Mode active.

GlideScore version XP5.0 will be used

  
 Buried polar penalty      0.000
 Coulomb vdW cutoff        0.000
 H bond cutoff             0.000
 Metal-ligand cutoff      10.000
Assigning GlideScore XP5.0 parameters
For Glide Extra Precision mode, will use maxref = 800
 Use grow mode-t
  
Full force-field refinement in receptor field for up to   10 poses
    6 poses will be postminimized for this ligand
Reporting postminimized pose   3 GlideScore =     -6.326
GlideScore(   -6.33)+Epik State Penalty(    0.06) =    -6.26 kcal/mol
DOCKING RESULTS FOR LIGAND        6 (Galidesivir_Hepa_10445549)
Best XP pose:    33;  GlideScore =     -6.33 Emodel =    -61.85 E =    -49.78 Eint =     2.09
  
 REPORT OF DOCKED POSES
  
 The ligand structures were written to the file
glide-dock_XP_6-0006_raw.maegz

Exiting Glide
Date: Sunday, April 05 2020, at 01:58:37 Iran Daylight Time
CPU time (s): 407.3 user, 2.3 system, 476.5 real
Total elapsed time = 477 seconds (7 minutes, 57 seconds)
[running at reduced cpu priority]
######## end of glide-dock_XP_6-0006.log #########
######## begin of glide-dock_XP_6-0007.log #########
Glide version 81012 (mmshare version 44012)
Copyright (c) Schrodinger, LLC.
All Rights Reserved.

--------------------------------------------------------------------------------
JobId          : Nik-0-5e88fa28
Name           : glide-dock_XP_6-0007
Program        : Glide
MMshareExec    : D:\Program Files\Schrodinger2018\mmshare-v4.4\bin\Windows-x64
Host           : Nik
Dir            : C:\Users\Asus\AppData\Local\Schrodinger\tmp\glide-dock_XP_6
HostEntry      : localhost
JobHost        : Nik
JobDir         : C:\Users\Asus\AppData\Local\Schrodinger\tmp\glide-dock_XP_6-0007
JobMMshareExec : D:\Program Files\Schrodinger2018\mmshare-v4.4\bin\Windows-x64
Commandline    : D:\Program Files\Schrodinger2018\glide.exe -RESTART -serial glide-dock_XP_6-0007.inp -HOST localhost
StartTime      : 2020-04-05-01:50:42
--------------------------------------------------------------------------------

[running at reduced cpu priority]
Offsetting ligand numbers by 6
 VdW radii of ligand atoms scaled by   0.800000000000000     
 Charge cutoff for polarity   0.150000000000000     
Marking conflicts for iatom2, position 2.
 After readscreen, (nx, ny, nz) = (          24 ,           24 ,           24 ).
  Receptor setup: (nsites, nx, ny, nz, bsize)=(         125 ,           24 , 
          24 ,           24 ,    1.00000000000000      ).
 Screening setup finished.
 DOCKMAIN: getting receptor.
  DOCKMAIN after grid: (nx, ny, nz) = (          64 ,           64 , 
          64 ).
 DOCKMAIN: Grid setup finished
Calling OPLS3e atomtyping ...
Finished parameter assignment
  
  Penalizing non-planar amide torsions 
  
 Number of rotatable bonds           18
 Using templates for ring conformations.
Glide Extra Precision Mode active.

GlideScore version XP5.0 will be used

  
 Buried polar penalty      0.000
 Coulomb vdW cutoff        0.000
 H bond cutoff             0.000
 Metal-ligand cutoff      10.000
Assigning GlideScore XP5.0 parameters
For Glide Extra Precision mode, will use maxref = 800
 Use grow mode-t
  
Full force-field refinement in receptor field for up to   10 poses
   10 poses will be postminimized for this ligand
Reporting postminimized pose   1 GlideScore =     -4.151
GlideScore(   -4.15)+Epik State Penalty(    0.00) =    -4.15 kcal/mol
DOCKING RESULTS FOR LIGAND        7 (Lopinavir_AIDS_92727)
Best XP pose:     5;  GlideScore =     -4.15 Emodel =    -54.10 E =    -47.00 Eint =     6.05
GLIDE WARNING: The above ligand had one or more atoms outside the grid box during energy evaluation or minimization.
  
 REPORT OF DOCKED POSES
  
 The ligand structures were written to the file
glide-dock_XP_6-0007_raw.maegz

Exiting Glide
Date: Sunday, April 05 2020, at 02:12:45 Iran Daylight Time
CPU time (s): 1179.4 user, 10.9 system, 1320.5 real
Total elapsed time = 1321 seconds (22 minutes, 1 seconds)
[running at reduced cpu priority]
######## end of glide-dock_XP_6-0007.log #########
######## begin of glide-dock_XP_6-0008.log #########
Glide version 81012 (mmshare version 44012)
Copyright (c) Schrodinger, LLC.
All Rights Reserved.

--------------------------------------------------------------------------------
JobId          : Nik-0-5e88fa2c
Name           : glide-dock_XP_6-0008
Program        : Glide
MMshareExec    : D:\Program Files\Schrodinger2018\mmshare-v4.4\bin\Windows-x64
Host           : Nik
Dir            : C:\Users\Asus\AppData\Local\Schrodinger\tmp\glide-dock_XP_6
HostEntry      : localhost
JobHost        : Nik
JobDir         : C:\Users\Asus\AppData\Local\Schrodinger\tmp\glide-dock_XP_6-0008
JobMMshareExec : D:\Program Files\Schrodinger2018\mmshare-v4.4\bin\Windows-x64
Commandline    : D:\Program Files\Schrodinger2018\glide.exe -RESTART -serial glide-dock_XP_6-0008.inp -HOST localhost
StartTime      : 2020-04-05-01:50:46
--------------------------------------------------------------------------------

[running at reduced cpu priority]
Offsetting ligand numbers by 7
 VdW radii of ligand atoms scaled by   0.800000000000000     
 Charge cutoff for polarity   0.150000000000000     
Marking conflicts for iatom2, position 2.
 After readscreen, (nx, ny, nz) = (          24 ,           24 ,           24 ).
  Receptor setup: (nsites, nx, ny, nz, bsize)=(         125 ,           24 , 
          24 ,           24 ,    1.00000000000000      ).
 Screening setup finished.
 DOCKMAIN: getting receptor.
  DOCKMAIN after grid: (nx, ny, nz) = (          64 ,           64 , 
          64 ).
 DOCKMAIN: Grid setup finished
Calling OPLS3e atomtyping ...
Finished parameter assignment
  
  Penalizing non-planar amide torsions 
  
 Number of rotatable bonds           14
 Using templates for ring conformations.
Glide Extra Precision Mode active.

GlideScore version XP5.0 will be used

  
 Buried polar penalty      0.000
 Coulomb vdW cutoff        0.000
 H bond cutoff             0.000
 Metal-ligand cutoff      10.000
Assigning GlideScore XP5.0 parameters
For Glide Extra Precision mode, will use maxref = 800
 Use grow mode-t
  
Full force-field refinement in receptor field for up to   10 poses
    3 poses will be postminimized for this ligand
Reporting postminimized pose   3 GlideScore =     -2.670
GlideScore(   -2.67)+Epik State Penalty(    0.01) =    -2.66 kcal/mol
DOCKING RESULTS FOR LIGAND        8 (Nelfinavir_AIDS_64143)
Best XP pose:     4;  GlideScore =     -2.67 Emodel =    -77.17 E =    -56.61 Eint =     0.00
GLIDE WARNING: The above ligand had one or more atoms outside the grid box during energy evaluation or minimization.
  
 REPORT OF DOCKED POSES
  
 The ligand structures were written to the file
glide-dock_XP_6-0008_raw.maegz

Exiting Glide
Date: Sunday, April 05 2020, at 02:05:23 Iran Daylight Time
CPU time (s): 743.7 user, 7.1 system, 874.8 real
Total elapsed time = 875 seconds (14 minutes, 35 seconds)
[running at reduced cpu priority]
######## end of glide-dock_XP_6-0008.log #########
######## begin of glide-dock_XP_6-0009.log #########
Glide version 81012 (mmshare version 44012)
Copyright (c) Schrodinger, LLC.
All Rights Reserved.

--------------------------------------------------------------------------------
JobId          : Nik-0-5e88fa4c
Name           : glide-dock_XP_6-0009
Program        : Glide
MMshareExec    : D:\Program Files\Schrodinger2018\mmshare-v4.4\bin\Windows-x64
Host           : Nik
Dir            : C:\Users\Asus\AppData\Local\Schrodinger\tmp\glide-dock_XP_6
HostEntry      : localhost
JobHost        : Nik
JobDir         : C:\Users\Asus\AppData\Local\Schrodinger\tmp\glide-dock_XP_6-0009
JobMMshareExec : D:\Program Files\Schrodinger2018\mmshare-v4.4\bin\Windows-x64
Commandline    : D:\Program Files\Schrodinger2018\glide.exe -RESTART -serial glide-dock_XP_6-0009.inp -HOST localhost
StartTime      : 2020-04-05-01:51:18
--------------------------------------------------------------------------------

[running at reduced cpu priority]
Offsetting ligand numbers by 8
 VdW radii of ligand atoms scaled by   0.800000000000000     
 Charge cutoff for polarity   0.150000000000000     
Marking conflicts for iatom2, position 2.
 After readscreen, (nx, ny, nz) = (          24 ,           24 ,           24 ).
  Receptor setup: (nsites, nx, ny, nz, bsize)=(         125 ,           24 , 
          24 ,           24 ,    1.00000000000000      ).
 Screening setup finished.
 DOCKMAIN: getting receptor.
  DOCKMAIN after grid: (nx, ny, nz) = (          64 ,           64 , 
          64 ).
 DOCKMAIN: Grid setup finished
Calling OPLS3e atomtyping ...
Finished parameter assignment
  
  Penalizing non-planar amide torsions 
  
 Number of rotatable bonds           17
 Using templates for ring conformations.
Glide Extra Precision Mode active.

GlideScore version XP5.0 will be used

  
 Buried polar penalty      0.000
 Coulomb vdW cutoff        0.000
 H bond cutoff             0.000
 Metal-ligand cutoff      10.000
Assigning GlideScore XP5.0 parameters
For Glide Extra Precision mode, will use maxref = 800
 Use grow mode-t
  
Full force-field refinement in receptor field for up to   10 poses
   10 poses will be postminimized for this ligand
Reporting original pose   4 GlideScore =     -5.242
GlideScore(   -5.24)+Epik State Penalty(    0.00) =    -5.24 kcal/mol
DOCKING RESULTS FOR LIGAND        9 (Remdesivir_Ebola_121304016)
Best XP pose:     6;  GlideScore =     -5.24 Emodel =    -61.79 E =    -49.84 Eint =    11.91
  
 REPORT OF DOCKED POSES
  
 The ligand structures were written to the file
glide-dock_XP_6-0009_raw.maegz

Exiting Glide
Date: Sunday, April 05 2020, at 02:07:01 Iran Daylight Time
CPU time (s): 801.5 user, 10.6 system, 940.5 real
Total elapsed time = 940 seconds (15 minutes, 40 seconds)
[running at reduced cpu priority]
######## end of glide-dock_XP_6-0009.log #########
######## begin of glide-dock_XP_6-0010.log #########
Glide version 81012 (mmshare version 44012)
Copyright (c) Schrodinger, LLC.
All Rights Reserved.

--------------------------------------------------------------------------------
JobId          : Nik-0-5e88faa4
Name           : glide-dock_XP_6-0010
Program        : Glide
MMshareExec    : D:\Program Files\Schrodinger2018\mmshare-v4.4\bin\Windows-x64
Host           : Nik
Dir            : C:\Users\Asus\AppData\Local\Schrodinger\tmp\glide-dock_XP_6
HostEntry      : localhost
JobHost        : Nik
JobDir         : C:\Users\Asus\AppData\Local\Schrodinger\tmp\glide-dock_XP_6-0010
JobMMshareExec : D:\Program Files\Schrodinger2018\mmshare-v4.4\bin\Windows-x64
Commandline    : D:\Program Files\Schrodinger2018\glide.exe -RESTART -serial glide-dock_XP_6-0010.inp -HOST localhost
StartTime      : 2020-04-05-01:52:46
--------------------------------------------------------------------------------

[running at reduced cpu priority]
Offsetting ligand numbers by 9
 VdW radii of ligand atoms scaled by   0.800000000000000     
 Charge cutoff for polarity   0.150000000000000     
Marking conflicts for iatom2, position 2.
 After readscreen, (nx, ny, nz) = (          24 ,           24 ,           24 ).
  Receptor setup: (nsites, nx, ny, nz, bsize)=(         125 ,           24 , 
          24 ,           24 ,    1.00000000000000      ).
 Screening setup finished.
 DOCKMAIN: getting receptor.
  DOCKMAIN after grid: (nx, ny, nz) = (          64 ,           64 , 
          64 ).
 DOCKMAIN: Grid setup finished
Calling OPLS3e atomtyping ...
Finished parameter assignment
  
  Penalizing non-planar amide torsions 
  
 Number of rotatable bonds           23
 Using templates for ring conformations.
Glide Extra Precision Mode active.

GlideScore version XP5.0 will be used

  
 Buried polar penalty      0.000
 Coulomb vdW cutoff        0.000
 H bond cutoff             0.000
 Metal-ligand cutoff      10.000
Assigning GlideScore XP5.0 parameters
For Glide Extra Precision mode, will use maxref = 800
 Use grow mode-t
  
Full force-field refinement in receptor field for up to   10 poses
   10 poses will be postminimized for this ligand
Reporting postminimized pose   9 GlideScore =     -4.836
GlideScore(   -4.84)+Epik State Penalty(    0.00) =    -4.84 kcal/mol
DOCKING RESULTS FOR LIGAND       10 (Ritonavir_AIDS_DB00503)
Best XP pose:     1;  GlideScore =     -4.84 Emodel =    -59.33 E =    -53.83 Eint =     9.33
GLIDE WARNING: The above ligand had one or more atoms outside the grid box during energy evaluation or minimization.
  
 REPORT OF DOCKED POSES
  
 The ligand structures were written to the file
glide-dock_XP_6-0010_raw.maegz

Exiting Glide
Date: Sunday, April 05 2020, at 02:12:06 Iran Daylight Time
CPU time (s): 1030.2 user, 12.8 system, 1156.8 real
Total elapsed time = 1157 seconds (19 minutes, 17 seconds)
[running at reduced cpu priority]
######## end of glide-dock_XP_6-0010.log #########
######## begin of glide-dock_XP_6-0011.log #########
Glide version 81012 (mmshare version 44012)
Copyright (c) Schrodinger, LLC.
All Rights Reserved.

--------------------------------------------------------------------------------
JobId          : Nik-0-5e88fc0b
Name           : glide-dock_XP_6-0011
Program        : Glide
MMshareExec    : D:\Program Files\Schrodinger2018\mmshare-v4.4\bin\Windows-x64
Host           : Nik
Dir            : C:\Users\Asus\AppData\Local\Schrodinger\tmp\glide-dock_XP_6
HostEntry      : localhost
JobHost        : Nik
JobDir         : C:\Users\Asus\AppData\Local\Schrodinger\tmp\glide-dock_XP_6-0011
JobMMshareExec : D:\Program Files\Schrodinger2018\mmshare-v4.4\bin\Windows-x64
Commandline    : D:\Program Files\Schrodinger2018\glide.exe -RESTART -serial glide-dock_XP_6-0011.inp -HOST localhost
StartTime      : 2020-04-05-01:58:45
--------------------------------------------------------------------------------

[running at reduced cpu priority]
Offsetting ligand numbers by 10
 VdW radii of ligand atoms scaled by   0.800000000000000     
 Charge cutoff for polarity   0.150000000000000     
Marking conflicts for iatom2, position 2.
 After readscreen, (nx, ny, nz) = (          24 ,           24 ,           24 ).
  Receptor setup: (nsites, nx, ny, nz, bsize)=(         125 ,           24 , 
          24 ,           24 ,    1.00000000000000      ).
 Screening setup finished.
 DOCKMAIN: getting receptor.
  DOCKMAIN after grid: (nx, ny, nz) = (          64 ,           64 , 
          64 ).
 DOCKMAIN: Grid setup finished
Calling OPLS3e atomtyping ...
Finished parameter assignment
  
  Penalizing non-planar amide torsions 
  
 Number of rotatable bonds           17
 Using templates for ring conformations.
Glide Extra Precision Mode active.

GlideScore version XP5.0 will be used

  
 Buried polar penalty      0.000
 Coulomb vdW cutoff        0.000
 H bond cutoff             0.000
 Metal-ligand cutoff      10.000
Assigning GlideScore XP5.0 parameters
For Glide Extra Precision mode, will use maxref = 800
 Use grow mode-t
  
Full force-field refinement in receptor field for up to   10 poses
    9 poses will be postminimized for this ligand
Reporting postminimized pose   2 GlideScore =     -4.252
GlideScore(   -4.25)+Epik State Penalty(    0.00) =    -4.25 kcal/mol
DOCKING RESULTS FOR LIGAND       11 (TMC310911_AIDS_DB15623)
Best XP pose:    15;  GlideScore =     -4.25 Emodel =    -53.35 E =    -48.74 Eint =     7.87
GLIDE WARNING: The above ligand had one or more atoms outside the grid box during energy evaluation or minimization.
  
 REPORT OF DOCKED POSES
  
 The ligand structures were written to the file
glide-dock_XP_6-0011_raw.maegz

Exiting Glide
Date: Sunday, April 05 2020, at 02:14:15 Iran Daylight Time
CPU time (s): 853.8 user, 11.7 system, 926.3 real
Total elapsed time = 926 seconds (15 minutes, 26 seconds)
[running at reduced cpu priority]
######## end of glide-dock_XP_6-0011.log #########
######## begin of glide-dock_XP_6-0012.log #########
Glide version 81012 (mmshare version 44012)
Copyright (c) Schrodinger, LLC.
All Rights Reserved.

--------------------------------------------------------------------------------
JobId          : Nik-0-5e88fc16
Name           : glide-dock_XP_6-0012
Program        : Glide
MMshareExec    : D:\Program Files\Schrodinger2018\mmshare-v4.4\bin\Windows-x64
Host           : Nik
Dir            : C:\Users\Asus\AppData\Local\Schrodinger\tmp\glide-dock_XP_6
HostEntry      : localhost
JobHost        : Nik
JobDir         : C:\Users\Asus\AppData\Local\Schrodinger\tmp\glide-dock_XP_6-0012
JobMMshareExec : D:\Program Files\Schrodinger2018\mmshare-v4.4\bin\Windows-x64
Commandline    : D:\Program Files\Schrodinger2018\glide.exe -RESTART -serial glide-dock_XP_6-0012.inp -HOST localhost
StartTime      : 2020-04-05-01:58:56
--------------------------------------------------------------------------------

[running at reduced cpu priority]
Offsetting ligand numbers by 11
 VdW radii of ligand atoms scaled by   0.800000000000000     
 Charge cutoff for polarity   0.150000000000000     
Marking conflicts for iatom2, position 2.
 After readscreen, (nx, ny, nz) = (          24 ,           24 ,           24 ).
  Receptor setup: (nsites, nx, ny, nz, bsize)=(         125 ,           24 , 
          24 ,           24 ,    1.00000000000000      ).
 Screening setup finished.
 DOCKMAIN: getting receptor.
  DOCKMAIN after grid: (nx, ny, nz) = (          64 ,           64 , 
          64 ).
 DOCKMAIN: Grid setup finished
Calling OPLS3e atomtyping ...
Finished parameter assignment
  
  Penalizing non-planar amide torsions 
  
 Number of rotatable bonds            2
 Using templates for ring conformations.
Glide Extra Precision Mode active.

GlideScore version XP5.0 will be used

  
 Buried polar penalty      0.000
 Coulomb vdW cutoff        0.000
 H bond cutoff             0.000
 Metal-ligand cutoff      10.000
Assigning GlideScore XP5.0 parameters
For Glide Extra Precision mode, will use maxref = 800
 Use grow mode-t
  
Full force-field refinement in receptor field for up to   10 poses
    1 poses will be postminimized for this ligand
Reporting postminimized pose   1 GlideScore =     -1.613
GlideScore(   -1.61)+Epik State Penalty(    0.00) =    -1.61 kcal/mol
DOCKING RESULTS FOR LIGAND       12 (Triazavirin_influenza_DB15622)
Best XP pose:    44;  GlideScore =     -1.61 Emodel =    -23.42 E =    -19.17 Eint =     0.04
  
 REPORT OF DOCKED POSES
  
 The ligand structures were written to the file
glide-dock_XP_6-0012_raw.maegz

Exiting Glide
Date: Sunday, April 05 2020, at 01:59:57 Iran Daylight Time
CPU time (s): 47.6 user, 1.1 system, 56.9 real
Total elapsed time = 57 seconds
[running at reduced cpu priority]
######## end of glide-dock_XP_6-0012.log #########
######## begin of glide-dock_XP_6-0013.log #########
Glide version 81012 (mmshare version 44012)
Copyright (c) Schrodinger, LLC.
All Rights Reserved.

--------------------------------------------------------------------------------
JobId          : Nik-0-5e88fc5a
Name           : glide-dock_XP_6-0013
Program        : Glide
MMshareExec    : D:\Program Files\Schrodinger2018\mmshare-v4.4\bin\Windows-x64
Host           : Nik
Dir            : C:\Users\Asus\AppData\Local\Schrodinger\tmp\glide-dock_XP_6
HostEntry      : localhost
JobHost        : Nik
JobDir         : C:\Users\Asus\AppData\Local\Schrodinger\tmp\glide-dock_XP_6-0013
JobMMshareExec : D:\Program Files\Schrodinger2018\mmshare-v4.4\bin\Windows-x64
Commandline    : D:\Program Files\Schrodinger2018\glide.exe -RESTART -serial glide-dock_XP_6-0013.inp -HOST localhost
StartTime      : 2020-04-05-02:00:04
--------------------------------------------------------------------------------

[running at reduced cpu priority]
Offsetting ligand numbers by 12
 VdW radii of ligand atoms scaled by   0.800000000000000     
 Charge cutoff for polarity   0.150000000000000     
Marking conflicts for iatom2, position 2.
 After readscreen, (nx, ny, nz) = (          24 ,           24 ,           24 ).
  Receptor setup: (nsites, nx, ny, nz, bsize)=(         125 ,           24 , 
          24 ,           24 ,    1.00000000000000      ).
 Screening setup finished.
 DOCKMAIN: getting receptor.
  DOCKMAIN after grid: (nx, ny, nz) = (          64 ,           64 , 
          64 ).
 DOCKMAIN: Grid setup finished
Calling OPLS3e atomtyping ...
Finished parameter assignment
  
  Penalizing non-planar amide torsions 
  
 Number of rotatable bonds            8
 Using templates for ring conformations.
Glide Extra Precision Mode active.

GlideScore version XP5.0 will be used

  
 Buried polar penalty      0.000
 Coulomb vdW cutoff        0.000
 H bond cutoff             0.000
 Metal-ligand cutoff      10.000
Assigning GlideScore XP5.0 parameters
For Glide Extra Precision mode, will use maxref = 800
 Use grow mode-t
  
Full force-field refinement in receptor field for up to   10 poses
    6 poses will be postminimized for this ligand
Reporting original pose   6 GlideScore =     -2.971
GlideScore(   -2.97)+Epik State Penalty(    0.19) =    -2.78 kcal/mol
DOCKING RESULTS FOR LIGAND       13 (Umifenovir_Influenza_13609)
Best XP pose:     1;  GlideScore =     -2.97 Emodel =    -45.91 E =    -36.88 Eint =     0.00
  
 REPORT OF DOCKED POSES
  
 The ligand structures were written to the file
glide-dock_XP_6-0013_raw.maegz

Exiting Glide
Date: Sunday, April 05 2020, at 02:07:42 Iran Daylight Time
CPU time (s): 401.2 user, 3.9 system, 454.9 real
Total elapsed time = 455 seconds (7 minutes, 35 seconds)
[running at reduced cpu priority]
######## end of glide-dock_XP_6-0013.log #########
